[debug] ----------------------------------------------------------------------
[debug] Command:      /usr/local/bin/node /usr/local/bin/firebase serve
[debug] CLI Version:  3.0.0
[debug] Platform:     darwin
[debug] Node Version: v5.1.0
[debug] Time:         Wed May 25 2016 19:17:16 GMT-0300 (BRT)
[debug] ----------------------------------------------------------------------
[debug] 
[info] Starting Firebase development server...
[info] 
[warn] ⚠  No Firebase project directory detected. Serving static content from /Users/midesweb/proyectos/nuevo-firebase
[info] 
[info] Server listening at: http://localhost:5000
[debug] ----------------------------------------------------------------------
[debug] Command:      /usr/local/bin/node /usr/local/bin/firebase serve
[debug] CLI Version:  3.0.0
[debug] Platform:     darwin
[debug] Node Version: v5.1.0
[debug] Time:         Fri May 27 2016 16:53:53 GMT-0300 (BRT)
[debug] ----------------------------------------------------------------------
[debug] 
[info] Starting Firebase development server...
[info] 
[warn] ⚠  No Firebase project directory detected. Serving static content from /Users/midesweb/proyectos/nuevo-firebase
[info] 
[info] Server listening at: http://localhost:5000
[debug] ----------------------------------------------------------------------
[debug] Command:      /usr/local/bin/node /usr/local/bin/firebase serve
[debug] CLI Version:  3.0.0
[debug] Platform:     darwin
[debug] Node Version: v5.1.0
[debug] Time:         Fri May 27 2016 17:11:30 GMT-0300 (BRT)
[debug] ----------------------------------------------------------------------
[debug] 
[info] Starting Firebase development server...
[info] 
[warn] ⚠  No Firebase project directory detected. Serving static content from /Users/midesweb/proyectos/nuevo-firebase
[info] 
[info] Server listening at: http://localhost:5000
[debug] ----------------------------------------------------------------------
[debug] Command:      /usr/local/bin/node /usr/local/bin/firebase serve
[debug] CLI Version:  3.0.0
[debug] Platform:     darwin
[debug] Node Version: v5.1.0
[debug] Time:         Fri May 27 2016 17:14:52 GMT-0300 (BRT)
[debug] ----------------------------------------------------------------------
[debug] 
[info] Starting Firebase development server...
[info] 
[warn] ⚠  No Firebase project directory detected. Serving static content from /Users/midesweb/proyectos/nuevo-firebase
[info] 
[info] Server listening at: http://localhost:5000
[debug] ----------------------------------------------------------------------
[debug] Command:      /usr/local/bin/node /usr/local/bin/firebase serve
[debug] CLI Version:  3.0.0
[debug] Platform:     darwin
[debug] Node Version: v5.1.0
[debug] Time:         Fri May 27 2016 17:16:27 GMT-0300 (BRT)
[debug] ----------------------------------------------------------------------
[debug] 
[info] Starting Firebase development server...
[info] 
[warn] ⚠  No Firebase project directory detected. Serving static content from /Users/midesweb/proyectos/nuevo-firebase
[info] 
[info] Server listening at: http://localhost:5000
